<?xml version="1.0" encoding="UTF-8"?>
<!-- Generated by org.testng.reporters.JUnitReportReporter -->
<testsuite hostname="Lenovo" name="links.ClickingRandomLinks" tests="1" failures="0" timestamp="14 Mar 2018 10:47:02 GMT" time="62.256" errors="0">
  <testcase name="getRandomLink" time="62.256" classname="links.ClickingRandomLinks"/>
</testsuite> <!-- links.ClickingRandomLinks -->
