<?xml version="1.0" encoding="UTF-8"?>
<!-- Generated by org.testng.reporters.JUnitReportReporter -->
<testsuite hostname="Lenovo" name="test.test" tests="1" failures="0" timestamp="28 Feb 2018 16:17:34 GMT" time="9.384" errors="0">
  <testcase name="test1" time="9.384" classname="test.test"/>
</testsuite> <!-- test.test -->
