<?xml version="1.0" encoding="UTF-8"?>
<!-- Generated by org.testng.reporters.JUnitReportReporter -->
<testsuite hostname="Lenovo" name="test.gmailRegistration" tests="1" failures="0" timestamp="28 Feb 2018 04:38:21 GMT" time="10.101" errors="0">
  <testcase name="registrationGmail" time="10.101" classname="test.gmailRegistration"/>
</testsuite> <!-- test.gmailRegistration -->
