<?xml version="1.0" encoding="UTF-8"?>
<!-- Generated by org.testng.reporters.JUnitReportReporter -->
<testsuite hostname="Lenovo" name="Droupdowns.selectrandomlist" tests="1" failures="0" timestamp="14 Mar 2018 13:35:14 GMT" time="11.026" errors="0">
  <testcase name="getRandomlist" time="11.026" classname="Droupdowns.selectrandomlist"/>
</testsuite> <!-- Droupdowns.selectrandomlist -->
