<?xml version="1.0" encoding="UTF-8"?>
<!-- Generated by org.testng.reporters.JUnitReportReporter -->
<testsuite hostname="Lenovo" name="tables.MyTables" tests="1" failures="0" timestamp="3 Mar 2018 08:33:00 GMT" time="11.165" errors="0">
  <testcase name="mytable" time="11.165" classname="tables.MyTables"/>
</testsuite> <!-- tables.MyTables -->
